<?xml version="1.0" encoding="UTF-8"?>
<testng-results skipped="0" failed="0" total="3" passed="3">
  <reporter-output>
  </reporter-output>
  <suite name="Default suite" duration-ms="134777" started-at="2019-09-18T21:16:30Z" finished-at="2019-09-18T21:18:45Z">
    <groups>
    </groups>
    <test name="Default test" duration-ms="134777" started-at="2019-09-18T21:16:30Z" finished-at="2019-09-18T21:18:45Z">
      <class name="com.training.sanity.tests.MultipleUserEnquiryDBTest">
        <test-method status="PASS" signature="setUpBeforeClass()[pri:0, instance:com.training.sanity.tests.MultipleUserEnquiryDBTest@2aaf7cc2]" name="setUpBeforeClass" is-config="true" duration-ms="16" started-at="2019-09-19T02:46:30Z" finished-at="2019-09-19T02:46:30Z">
          <reporter-output>
          </reporter-output>
        </test-method> <!-- setUpBeforeClass -->
        <test-method status="PASS" signature="setUp()[pri:0, instance:com.training.sanity.tests.MultipleUserEnquiryDBTest@2aaf7cc2]" name="setUp" is-config="true" duration-ms="16401" started-at="2019-09-19T02:46:31Z" finished-at="2019-09-19T02:46:47Z">
          <reporter-output>
          </reporter-output>
        </test-method> <!-- setUp -->
        <test-method status="PASS" signature="Enquiry(java.lang.String, java.lang.String, java.lang.String, java.lang.String)[pri:0, instance:com.training.sanity.tests.MultipleUserEnquiryDBTest@2aaf7cc2]" name="Enquiry" duration-ms="28630" started-at="2019-09-19T02:46:47Z" data-provider="db-inputs" finished-at="2019-09-19T02:47:16Z">
          <params>
            <param index="0">
              <value>
                <![CDATA[manzoor mehadi]]>
              </value>
            </param>
            <param index="1">
              <value>
                <![CDATA[manzoor@gmail.com]]>
              </value>
            </param>
            <param index="2">
              <value>
                <![CDATA[]]>
              </value>
            </param>
            <param index="3">
              <value>
                <![CDATA[looking for an apartments]]>
              </value>
            </param>
          </params>
          <reporter-output>
          </reporter-output>
        </test-method> <!-- Enquiry -->
        <test-method status="PASS" signature="tearDown()[pri:0, instance:com.training.sanity.tests.MultipleUserEnquiryDBTest@2aaf7cc2]" name="tearDown" is-config="true" duration-ms="1777" started-at="2019-09-19T02:47:16Z" finished-at="2019-09-19T02:47:17Z">
          <reporter-output>
          </reporter-output>
        </test-method> <!-- tearDown -->
        <test-method status="PASS" signature="setUp()[pri:0, instance:com.training.sanity.tests.MultipleUserEnquiryDBTest@2aaf7cc2]" name="setUp" is-config="true" duration-ms="16809" started-at="2019-09-19T02:47:17Z" finished-at="2019-09-19T02:47:34Z">
          <reporter-output>
          </reporter-output>
        </test-method> <!-- setUp -->
        <test-method status="PASS" signature="Enquiry(java.lang.String, java.lang.String, java.lang.String, java.lang.String)[pri:0, instance:com.training.sanity.tests.MultipleUserEnquiryDBTest@2aaf7cc2]" name="Enquiry" duration-ms="25977" started-at="2019-09-19T02:47:34Z" data-provider="db-inputs" finished-at="2019-09-19T02:48:00Z">
          <params>
            <param index="0">
              <value>
                <![CDATA[alex hales]]>
              </value>
            </param>
            <param index="1">
              <value>
                <![CDATA[0]]>
              </value>
            </param>
            <param index="2">
              <value>
                <![CDATA[Plots]]>
              </value>
            </param>
            <param index="3">
              <value>
                <![CDATA[looking for an plots]]>
              </value>
            </param>
          </params>
          <reporter-output>
          </reporter-output>
        </test-method> <!-- Enquiry -->
        <test-method status="PASS" signature="tearDown()[pri:0, instance:com.training.sanity.tests.MultipleUserEnquiryDBTest@2aaf7cc2]" name="tearDown" is-config="true" duration-ms="1802" started-at="2019-09-19T02:48:00Z" finished-at="2019-09-19T02:48:02Z">
          <reporter-output>
          </reporter-output>
        </test-method> <!-- tearDown -->
        <test-method status="PASS" signature="setUp()[pri:0, instance:com.training.sanity.tests.MultipleUserEnquiryDBTest@2aaf7cc2]" name="setUp" is-config="true" duration-ms="14878" started-at="2019-09-19T02:48:02Z" finished-at="2019-09-19T02:48:17Z">
          <reporter-output>
          </reporter-output>
        </test-method> <!-- setUp -->
        <test-method status="PASS" signature="Enquiry(java.lang.String, java.lang.String, java.lang.String, java.lang.String)[pri:0, instance:com.training.sanity.tests.MultipleUserEnquiryDBTest@2aaf7cc2]" name="Enquiry" duration-ms="26464" started-at="2019-09-19T02:48:17Z" data-provider="db-inputs" finished-at="2019-09-19T02:48:43Z">
          <params>
            <param index="0">
              <value>
                <![CDATA[mariya]]>
              </value>
            </param>
            <param index="1">
              <value>
                <![CDATA[mariya@gmail.com]]>
              </value>
            </param>
            <param index="2">
              <value>
                <![CDATA[Vilas]]>
              </value>
            </param>
            <param index="3">
              <value>
                <![CDATA[]]>
              </value>
            </param>
          </params>
          <reporter-output>
          </reporter-output>
        </test-method> <!-- Enquiry -->
        <test-method status="PASS" signature="tearDown()[pri:0, instance:com.training.sanity.tests.MultipleUserEnquiryDBTest@2aaf7cc2]" name="tearDown" is-config="true" duration-ms="1767" started-at="2019-09-19T02:48:43Z" finished-at="2019-09-19T02:48:45Z">
          <reporter-output>
          </reporter-output>
        </test-method> <!-- tearDown -->
      </class> <!-- com.training.sanity.tests.MultipleUserEnquiryDBTest -->
    </test> <!-- Default test -->
  </suite> <!-- Default suite -->
</testng-results>
