<?xml version="1.0" encoding="UTF-8"?>
<!-- Generated by org.testng.reporters.JUnitXMLReporter -->
<testsuite hostname="DESKTOP-813B9JT" name="Default test" tests="3" failures="0" timestamp="18 Sep 2019 21:18:45 GMT" time="134.777" errors="0">
  <testcase name="Enquiry" time="28.63" classname="com.training.sanity.tests.MultipleUserEnquiryDBTest"/>
  <testcase name="Enquiry" time="25.977" classname="com.training.sanity.tests.MultipleUserEnquiryDBTest"/>
  <testcase name="Enquiry" time="26.464" classname="com.training.sanity.tests.MultipleUserEnquiryDBTest"/>
</testsuite> <!-- Default test -->
